Determining if the pthread_create exist failed with the following output:
Change Dir: /mnt/f21e7243-9f0b-4738-8872-2026a58e4905/FEDORA/c++/c++_study_v6/BasicGLFWImgui-09/glfw-3.2.1/build/CMakeFiles/CMakeTmp

Run Build Command:"/usr/bin/gmake" "cmTC_2562f/fast"
/usr/bin/gmake -f CMakeFiles/cmTC_2562f.dir/build.make CMakeFiles/cmTC_2562f.dir/build
gmake[1]: Entering directory '/mnt/f21e7243-9f0b-4738-8872-2026a58e4905/FEDORA/c++/c++_study_v6/BasicGLFWImgui-09/glfw-3.2.1/build/CMakeFiles/CMakeTmp'
Building C object CMakeFiles/cmTC_2562f.dir/CheckSymbolExists.c.o
/usr/bin/cc    -o CMakeFiles/cmTC_2562f.dir/CheckSymbolExists.c.o   -c /mnt/f21e7243-9f0b-4738-8872-2026a58e4905/FEDORA/c++/c++_study_v6/BasicGLFWImgui-09/glfw-3.2.1/build/CMakeFiles/CMakeTmp/CheckSymbolExists.c
Linking C executable cmTC_2562f
/usr/bin/cmake -E cmake_link_script CMakeFiles/cmTC_2562f.dir/link.txt --verbose=1
/usr/bin/cc      -rdynamic CMakeFiles/cmTC_2562f.dir/CheckSymbolExists.c.o  -o cmTC_2562f 
CMakeFiles/cmTC_2562f.dir/CheckSymbolExists.c.o: In function `main':
CheckSymbolExists.c:(.text+0x16): undefined reference to `pthread_create'
collect2: error: ld returned 1 exit status
gmake[1]: *** [CMakeFiles/cmTC_2562f.dir/build.make:98: cmTC_2562f] Error 1
gmake[1]: Leaving directory '/mnt/f21e7243-9f0b-4738-8872-2026a58e4905/FEDORA/c++/c++_study_v6/BasicGLFWImgui-09/glfw-3.2.1/build/CMakeFiles/CMakeTmp'
gmake: *** [Makefile:126: cmTC_2562f/fast] Error 2

File /mnt/f21e7243-9f0b-4738-8872-2026a58e4905/FEDORA/c++/c++_study_v6/BasicGLFWImgui-09/glfw-3.2.1/build/CMakeFiles/CMakeTmp/CheckSymbolExists.c:
/* */
#include <pthread.h>

int main(int argc, char** argv)
{
  (void)argv;
#ifndef pthread_create
  return ((int*)(&pthread_create))[argc];
#else
  (void)argc;
  return 0;
#endif
}

Determining if the function pthread_create exists in the pthreads failed with the following output:
Change Dir: /mnt/f21e7243-9f0b-4738-8872-2026a58e4905/FEDORA/c++/c++_study_v6/BasicGLFWImgui-09/glfw-3.2.1/build/CMakeFiles/CMakeTmp

Run Build Command:"/usr/bin/gmake" "cmTC_16152/fast"
/usr/bin/gmake -f CMakeFiles/cmTC_16152.dir/build.make CMakeFiles/cmTC_16152.dir/build
gmake[1]: Entering directory '/mnt/f21e7243-9f0b-4738-8872-2026a58e4905/FEDORA/c++/c++_study_v6/BasicGLFWImgui-09/glfw-3.2.1/build/CMakeFiles/CMakeTmp'
Building C object CMakeFiles/cmTC_16152.dir/CheckFunctionExists.c.o
/usr/bin/cc   -DCHECK_FUNCTION_EXISTS=pthread_create   -o CMakeFiles/cmTC_16152.dir/CheckFunctionExists.c.o   -c /usr/share/cmake/Modules/CheckFunctionExists.c
Linking C executable cmTC_16152
/usr/bin/cmake -E cmake_link_script CMakeFiles/cmTC_16152.dir/link.txt --verbose=1
/usr/bin/cc  -DCHECK_FUNCTION_EXISTS=pthread_create    -rdynamic CMakeFiles/cmTC_16152.dir/CheckFunctionExists.c.o  -o cmTC_16152 -lpthreads 
/usr/bin/ld: cannot find -lpthreads
collect2: error: ld returned 1 exit status
gmake[1]: *** [CMakeFiles/cmTC_16152.dir/build.make:98: cmTC_16152] Error 1
gmake[1]: Leaving directory '/mnt/f21e7243-9f0b-4738-8872-2026a58e4905/FEDORA/c++/c++_study_v6/BasicGLFWImgui-09/glfw-3.2.1/build/CMakeFiles/CMakeTmp'
gmake: *** [Makefile:126: cmTC_16152/fast] Error 2


