The system is: Linux - 4.11.8-300.fc26.x86_64 - x86_64
Compiling the C compiler identification source file "CMakeCCompilerId.c" succeeded.
Compiler: /usr/bin/cc 
Build flags: 
Id flags:  

The output was:
0


Compilation of the C compiler identification source "CMakeCCompilerId.c" produced "a.out"

The C compiler identification is GNU, found in "/mnt/f21e7243-9f0b-4738-8872-2026a58e4905/FEDORA/c++/c++_study_v6/BasicGLFWImgui-09/glfw-3.2.1/build/CMakeFiles/3.9.0/CompilerIdC/a.out"

Determining if the C compiler works passed with the following output:
Change Dir: /mnt/f21e7243-9f0b-4738-8872-2026a58e4905/FEDORA/c++/c++_study_v6/BasicGLFWImgui-09/glfw-3.2.1/build/CMakeFiles/CMakeTmp

Run Build Command:"/usr/bin/gmake" "cmTC_5ebea/fast"
/usr/bin/gmake -f CMakeFiles/cmTC_5ebea.dir/build.make CMakeFiles/cmTC_5ebea.dir/build
gmake[1]: Entering directory '/mnt/f21e7243-9f0b-4738-8872-2026a58e4905/FEDORA/c++/c++_study_v6/BasicGLFWImgui-09/glfw-3.2.1/build/CMakeFiles/CMakeTmp'
Building C object CMakeFiles/cmTC_5ebea.dir/testCCompiler.c.o
/usr/bin/cc    -o CMakeFiles/cmTC_5ebea.dir/testCCompiler.c.o   -c /mnt/f21e7243-9f0b-4738-8872-2026a58e4905/FEDORA/c++/c++_study_v6/BasicGLFWImgui-09/glfw-3.2.1/build/CMakeFiles/CMakeTmp/testCCompiler.c
Linking C executable cmTC_5ebea
/usr/bin/cmake -E cmake_link_script CMakeFiles/cmTC_5ebea.dir/link.txt --verbose=1
/usr/bin/cc      -rdynamic CMakeFiles/cmTC_5ebea.dir/testCCompiler.c.o  -o cmTC_5ebea 
gmake[1]: Leaving directory '/mnt/f21e7243-9f0b-4738-8872-2026a58e4905/FEDORA/c++/c++_study_v6/BasicGLFWImgui-09/glfw-3.2.1/build/CMakeFiles/CMakeTmp'


Detecting C compiler ABI info compiled with the following output:
Change Dir: /mnt/f21e7243-9f0b-4738-8872-2026a58e4905/FEDORA/c++/c++_study_v6/BasicGLFWImgui-09/glfw-3.2.1/build/CMakeFiles/CMakeTmp

Run Build Command:"/usr/bin/gmake" "cmTC_68fcf/fast"
/usr/bin/gmake -f CMakeFiles/cmTC_68fcf.dir/build.make CMakeFiles/cmTC_68fcf.dir/build
gmake[1]: Entering directory '/mnt/f21e7243-9f0b-4738-8872-2026a58e4905/FEDORA/c++/c++_study_v6/BasicGLFWImgui-09/glfw-3.2.1/build/CMakeFiles/CMakeTmp'
Building C object CMakeFiles/cmTC_68fcf.dir/CMakeCCompilerABI.c.o
/usr/bin/cc    -o CMakeFiles/cmTC_68fcf.dir/CMakeCCompilerABI.c.o   -c /usr/share/cmake/Modules/CMakeCCompilerABI.c
Linking C executable cmTC_68fcf
/usr/bin/cmake -E cmake_link_script CMakeFiles/cmTC_68fcf.dir/link.txt --verbose=1
/usr/bin/cc     -v -rdynamic CMakeFiles/cmTC_68fcf.dir/CMakeCCompilerABI.c.o  -o cmTC_68fcf 
Using built-in specs.
COLLECT_GCC=/usr/bin/cc
COLLECT_LTO_WRAPPER=/usr/libexec/gcc/x86_64-redhat-linux/7/lto-wrapper
OFFLOAD_TARGET_NAMES=nvptx-none
OFFLOAD_TARGET_DEFAULT=1
Target: x86_64-redhat-linux
Configured with: ../configure --enable-bootstrap --enable-languages=c,c++,objc,obj-c++,fortran,ada,go,lto --prefix=/usr --mandir=/usr/share/man --infodir=/usr/share/info --with-bugurl=http://bugzilla.redhat.com/bugzilla --enable-shared --enable-threads=posix --enable-checking=release --enable-multilib --with-system-zlib --enable-__cxa_atexit --disable-libunwind-exceptions --enable-gnu-unique-object --enable-linker-build-id --with-gcc-major-version-only --with-linker-hash-style=gnu --enable-plugin --enable-initfini-array --with-isl --enable-libmpx --enable-offload-targets=nvptx-none --without-cuda-driver --enable-gnu-indirect-function --with-tune=generic --with-arch_32=i686 --build=x86_64-redhat-linux
Thread model: posix
gcc version 7.1.1 20170622 (Red Hat 7.1.1-3) (GCC) 
COMPILER_PATH=/usr/libexec/gcc/x86_64-redhat-linux/7/:/usr/libexec/gcc/x86_64-redhat-linux/7/:/usr/libexec/gcc/x86_64-redhat-linux/:/usr/lib/gcc/x86_64-redhat-linux/7/:/usr/lib/gcc/x86_64-redhat-linux/
LIBRARY_PATH=/usr/lib/gcc/x86_64-redhat-linux/7/:/usr/lib/gcc/x86_64-redhat-linux/7/../../../../lib64/:/lib/../lib64/:/usr/lib/../lib64/:/usr/lib/gcc/x86_64-redhat-linux/7/../../../:/lib/:/usr/lib/
COLLECT_GCC_OPTIONS='-v' '-rdynamic' '-o' 'cmTC_68fcf' '-mtune=generic' '-march=x86-64'
 /usr/libexec/gcc/x86_64-redhat-linux/7/collect2 -plugin /usr/libexec/gcc/x86_64-redhat-linux/7/liblto_plugin.so -plugin-opt=/usr/libexec/gcc/x86_64-redhat-linux/7/lto-wrapper -plugin-opt=-fresolution=/tmp/ccwdyyJN.res -plugin-opt=-pass-through=-lgcc -plugin-opt=-pass-through=-lgcc_s -plugin-opt=-pass-through=-lc -plugin-opt=-pass-through=-lgcc -plugin-opt=-pass-through=-lgcc_s --build-id --no-add-needed --eh-frame-hdr --hash-style=gnu -m elf_x86_64 -export-dynamic -dynamic-linker /lib64/ld-linux-x86-64.so.2 -o cmTC_68fcf /usr/lib/gcc/x86_64-redhat-linux/7/../../../../lib64/crt1.o /usr/lib/gcc/x86_64-redhat-linux/7/../../../../lib64/crti.o /usr/lib/gcc/x86_64-redhat-linux/7/crtbegin.o -L/usr/lib/gcc/x86_64-redhat-linux/7 -L/usr/lib/gcc/x86_64-redhat-linux/7/../../../../lib64 -L/lib/../lib64 -L/usr/lib/../lib64 -L/usr/lib/gcc/x86_64-redhat-linux/7/../../.. CMakeFiles/cmTC_68fcf.dir/CMakeCCompilerABI.c.o -lgcc --as-needed -lgcc_s --no-as-needed -lc -lgcc --as-needed -lgcc_s --no-as-needed /usr/lib/gcc/x86_64-redhat-linux/7/crtend.o /usr/lib/gcc/x86_64-redhat-linux/7/../../../../lib64/crtn.o
COLLECT_GCC_OPTIONS='-v' '-rdynamic' '-o' 'cmTC_68fcf' '-mtune=generic' '-march=x86-64'
gmake[1]: Leaving directory '/mnt/f21e7243-9f0b-4738-8872-2026a58e4905/FEDORA/c++/c++_study_v6/BasicGLFWImgui-09/glfw-3.2.1/build/CMakeFiles/CMakeTmp'


Parsed C implicit link information from above output:
  link line regex: [^( *|.*[/\])(ld|CMAKE_LINK_STARTFILE-NOTFOUND|([^/\]+-)?ld|collect2)[^/\]*( |$)]
  ignore line: [Change Dir: /mnt/f21e7243-9f0b-4738-8872-2026a58e4905/FEDORA/c++/c++_study_v6/BasicGLFWImgui-09/glfw-3.2.1/build/CMakeFiles/CMakeTmp]
  ignore line: []
  ignore line: [Run Build Command:"/usr/bin/gmake" "cmTC_68fcf/fast"]
  ignore line: [/usr/bin/gmake -f CMakeFiles/cmTC_68fcf.dir/build.make CMakeFiles/cmTC_68fcf.dir/build]
  ignore line: [gmake[1]: Entering directory '/mnt/f21e7243-9f0b-4738-8872-2026a58e4905/FEDORA/c++/c++_study_v6/BasicGLFWImgui-09/glfw-3.2.1/build/CMakeFiles/CMakeTmp']
  ignore line: [Building C object CMakeFiles/cmTC_68fcf.dir/CMakeCCompilerABI.c.o]
  ignore line: [/usr/bin/cc    -o CMakeFiles/cmTC_68fcf.dir/CMakeCCompilerABI.c.o   -c /usr/share/cmake/Modules/CMakeCCompilerABI.c]
  ignore line: [Linking C executable cmTC_68fcf]
  ignore line: [/usr/bin/cmake -E cmake_link_script CMakeFiles/cmTC_68fcf.dir/link.txt --verbose=1]
  ignore line: [/usr/bin/cc     -v -rdynamic CMakeFiles/cmTC_68fcf.dir/CMakeCCompilerABI.c.o  -o cmTC_68fcf ]
  ignore line: [Using built-in specs.]
  ignore line: [COLLECT_GCC=/usr/bin/cc]
  ignore line: [COLLECT_LTO_WRAPPER=/usr/libexec/gcc/x86_64-redhat-linux/7/lto-wrapper]
  ignore line: [OFFLOAD_TARGET_NAMES=nvptx-none]
  ignore line: [OFFLOAD_TARGET_DEFAULT=1]
  ignore line: [Target: x86_64-redhat-linux]
  ignore line: [Configured with: ../configure --enable-bootstrap --enable-languages=c,c++,objc,obj-c++,fortran,ada,go,lto --prefix=/usr --mandir=/usr/share/man --infodir=/usr/share/info --with-bugurl=http://bugzilla.redhat.com/bugzilla --enable-shared --enable-threads=posix --enable-checking=release --enable-multilib --with-system-zlib --enable-__cxa_atexit --disable-libunwind-exceptions --enable-gnu-unique-object --enable-linker-build-id --with-gcc-major-version-only --with-linker-hash-style=gnu --enable-plugin --enable-initfini-array --with-isl --enable-libmpx --enable-offload-targets=nvptx-none --without-cuda-driver --enable-gnu-indirect-function --with-tune=generic --with-arch_32=i686 --build=x86_64-redhat-linux]
  ignore line: [Thread model: posix]
  ignore line: [gcc version 7.1.1 20170622 (Red Hat 7.1.1-3) (GCC) ]
  ignore line: [COMPILER_PATH=/usr/libexec/gcc/x86_64-redhat-linux/7/:/usr/libexec/gcc/x86_64-redhat-linux/7/:/usr/libexec/gcc/x86_64-redhat-linux/:/usr/lib/gcc/x86_64-redhat-linux/7/:/usr/lib/gcc/x86_64-redhat-linux/]
  ignore line: [LIBRARY_PATH=/usr/lib/gcc/x86_64-redhat-linux/7/:/usr/lib/gcc/x86_64-redhat-linux/7/../../../../lib64/:/lib/../lib64/:/usr/lib/../lib64/:/usr/lib/gcc/x86_64-redhat-linux/7/../../../:/lib/:/usr/lib/]
  ignore line: [COLLECT_GCC_OPTIONS='-v' '-rdynamic' '-o' 'cmTC_68fcf' '-mtune=generic' '-march=x86-64']
  link line: [ /usr/libexec/gcc/x86_64-redhat-linux/7/collect2 -plugin /usr/libexec/gcc/x86_64-redhat-linux/7/liblto_plugin.so -plugin-opt=/usr/libexec/gcc/x86_64-redhat-linux/7/lto-wrapper -plugin-opt=-fresolution=/tmp/ccwdyyJN.res -plugin-opt=-pass-through=-lgcc -plugin-opt=-pass-through=-lgcc_s -plugin-opt=-pass-through=-lc -plugin-opt=-pass-through=-lgcc -plugin-opt=-pass-through=-lgcc_s --build-id --no-add-needed --eh-frame-hdr --hash-style=gnu -m elf_x86_64 -export-dynamic -dynamic-linker /lib64/ld-linux-x86-64.so.2 -o cmTC_68fcf /usr/lib/gcc/x86_64-redhat-linux/7/../../../../lib64/crt1.o /usr/lib/gcc/x86_64-redhat-linux/7/../../../../lib64/crti.o /usr/lib/gcc/x86_64-redhat-linux/7/crtbegin.o -L/usr/lib/gcc/x86_64-redhat-linux/7 -L/usr/lib/gcc/x86_64-redhat-linux/7/../../../../lib64 -L/lib/../lib64 -L/usr/lib/../lib64 -L/usr/lib/gcc/x86_64-redhat-linux/7/../../.. CMakeFiles/cmTC_68fcf.dir/CMakeCCompilerABI.c.o -lgcc --as-needed -lgcc_s --no-as-needed -lc -lgcc --as-needed -lgcc_s --no-as-needed /usr/lib/gcc/x86_64-redhat-linux/7/crtend.o /usr/lib/gcc/x86_64-redhat-linux/7/../../../../lib64/crtn.o]
    arg [/usr/libexec/gcc/x86_64-redhat-linux/7/collect2] ==> ignore
    arg [-plugin] ==> ignore
    arg [/usr/libexec/gcc/x86_64-redhat-linux/7/liblto_plugin.so] ==> ignore
    arg [-plugin-opt=/usr/libexec/gcc/x86_64-redhat-linux/7/lto-wrapper] ==> ignore
    arg [-plugin-opt=-fresolution=/tmp/ccwdyyJN.res] ==> ignore
    arg [-plugin-opt=-pass-through=-lgcc] ==> ignore
    arg [-plugin-opt=-pass-through=-lgcc_s] ==> ignore
    arg [-plugin-opt=-pass-through=-lc] ==> ignore
    arg [-plugin-opt=-pass-through=-lgcc] ==> ignore
    arg [-plugin-opt=-pass-through=-lgcc_s] ==> ignore
    arg [--build-id] ==> ignore
    arg [--no-add-needed] ==> ignore
    arg [--eh-frame-hdr] ==> ignore
    arg [--hash-style=gnu] ==> ignore
    arg [-m] ==> ignore
    arg [elf_x86_64] ==> ignore
    arg [-export-dynamic] ==> ignore
    arg [-dynamic-linker] ==> ignore
    arg [/lib64/ld-linux-x86-64.so.2] ==> ignore
    arg [-o] ==> ignore
    arg [cmTC_68fcf] ==> ignore
    arg [/usr/lib/gcc/x86_64-redhat-linux/7/../../../../lib64/crt1.o] ==> ignore
    arg [/usr/lib/gcc/x86_64-redhat-linux/7/../../../../lib64/crti.o] ==> ignore
    arg [/usr/lib/gcc/x86_64-redhat-linux/7/crtbegin.o] ==> ignore
    arg [-L/usr/lib/gcc/x86_64-redhat-linux/7] ==> dir [/usr/lib/gcc/x86_64-redhat-linux/7]
    arg [-L/usr/lib/gcc/x86_64-redhat-linux/7/../../../../lib64] ==> dir [/usr/lib/gcc/x86_64-redhat-linux/7/../../../../lib64]
    arg [-L/lib/../lib64] ==> dir [/lib/../lib64]
    arg [-L/usr/lib/../lib64] ==> dir [/usr/lib/../lib64]
    arg [-L/usr/lib/gcc/x86_64-redhat-linux/7/../../..] ==> dir [/usr/lib/gcc/x86_64-redhat-linux/7/../../..]
    arg [CMakeFiles/cmTC_68fcf.dir/CMakeCCompilerABI.c.o] ==> ignore
    arg [-lgcc] ==> lib [gcc]
    arg [--as-needed] ==> ignore
    arg [-lgcc_s] ==> lib [gcc_s]
    arg [--no-as-needed] ==> ignore
    arg [-lc] ==> lib [c]
    arg [-lgcc] ==> lib [gcc]
    arg [--as-needed] ==> ignore
    arg [-lgcc_s] ==> lib [gcc_s]
    arg [--no-as-needed] ==> ignore
    arg [/usr/lib/gcc/x86_64-redhat-linux/7/crtend.o] ==> ignore
    arg [/usr/lib/gcc/x86_64-redhat-linux/7/../../../../lib64/crtn.o] ==> ignore
  collapse library dir [/usr/lib/gcc/x86_64-redhat-linux/7] ==> [/usr/lib/gcc/x86_64-redhat-linux/7]
  collapse library dir [/usr/lib/gcc/x86_64-redhat-linux/7/../../../../lib64] ==> [/usr/lib64]
  collapse library dir [/lib/../lib64] ==> [/lib64]
  collapse library dir [/usr/lib/../lib64] ==> [/usr/lib64]
  collapse library dir [/usr/lib/gcc/x86_64-redhat-linux/7/../../..] ==> [/usr/lib]
  implicit libs: [gcc;gcc_s;c;gcc;gcc_s]
  implicit dirs: [/usr/lib/gcc/x86_64-redhat-linux/7;/usr/lib64;/lib64;/usr/lib]
  implicit fwks: []




Detecting C [-std=c11] compiler features compiled with the following output:
Change Dir: /mnt/f21e7243-9f0b-4738-8872-2026a58e4905/FEDORA/c++/c++_study_v6/BasicGLFWImgui-09/glfw-3.2.1/build/CMakeFiles/CMakeTmp

Run Build Command:"/usr/bin/gmake" "cmTC_0646b/fast"
/usr/bin/gmake -f CMakeFiles/cmTC_0646b.dir/build.make CMakeFiles/cmTC_0646b.dir/build
gmake[1]: Entering directory '/mnt/f21e7243-9f0b-4738-8872-2026a58e4905/FEDORA/c++/c++_study_v6/BasicGLFWImgui-09/glfw-3.2.1/build/CMakeFiles/CMakeTmp'
Building C object CMakeFiles/cmTC_0646b.dir/feature_tests.c.o
/usr/bin/cc   -std=c11 -o CMakeFiles/cmTC_0646b.dir/feature_tests.c.o   -c /mnt/f21e7243-9f0b-4738-8872-2026a58e4905/FEDORA/c++/c++_study_v6/BasicGLFWImgui-09/glfw-3.2.1/build/CMakeFiles/feature_tests.c
Linking C executable cmTC_0646b
/usr/bin/cmake -E cmake_link_script CMakeFiles/cmTC_0646b.dir/link.txt --verbose=1
/usr/bin/cc      -rdynamic CMakeFiles/cmTC_0646b.dir/feature_tests.c.o  -o cmTC_0646b 
gmake[1]: Leaving directory '/mnt/f21e7243-9f0b-4738-8872-2026a58e4905/FEDORA/c++/c++_study_v6/BasicGLFWImgui-09/glfw-3.2.1/build/CMakeFiles/CMakeTmp'


    Feature record: C_FEATURE:1c_function_prototypes
    Feature record: C_FEATURE:1c_restrict
    Feature record: C_FEATURE:1c_static_assert
    Feature record: C_FEATURE:1c_variadic_macros


Detecting C [-std=c99] compiler features compiled with the following output:
Change Dir: /mnt/f21e7243-9f0b-4738-8872-2026a58e4905/FEDORA/c++/c++_study_v6/BasicGLFWImgui-09/glfw-3.2.1/build/CMakeFiles/CMakeTmp

Run Build Command:"/usr/bin/gmake" "cmTC_2b33e/fast"
/usr/bin/gmake -f CMakeFiles/cmTC_2b33e.dir/build.make CMakeFiles/cmTC_2b33e.dir/build
gmake[1]: Entering directory '/mnt/f21e7243-9f0b-4738-8872-2026a58e4905/FEDORA/c++/c++_study_v6/BasicGLFWImgui-09/glfw-3.2.1/build/CMakeFiles/CMakeTmp'
Building C object CMakeFiles/cmTC_2b33e.dir/feature_tests.c.o
/usr/bin/cc   -std=c99 -o CMakeFiles/cmTC_2b33e.dir/feature_tests.c.o   -c /mnt/f21e7243-9f0b-4738-8872-2026a58e4905/FEDORA/c++/c++_study_v6/BasicGLFWImgui-09/glfw-3.2.1/build/CMakeFiles/feature_tests.c
Linking C executable cmTC_2b33e
/usr/bin/cmake -E cmake_link_script CMakeFiles/cmTC_2b33e.dir/link.txt --verbose=1
/usr/bin/cc      -rdynamic CMakeFiles/cmTC_2b33e.dir/feature_tests.c.o  -o cmTC_2b33e 
gmake[1]: Leaving directory '/mnt/f21e7243-9f0b-4738-8872-2026a58e4905/FEDORA/c++/c++_study_v6/BasicGLFWImgui-09/glfw-3.2.1/build/CMakeFiles/CMakeTmp'


    Feature record: C_FEATURE:1c_function_prototypes
    Feature record: C_FEATURE:1c_restrict
    Feature record: C_FEATURE:0c_static_assert
    Feature record: C_FEATURE:1c_variadic_macros


Detecting C [-std=c90] compiler features compiled with the following output:
Change Dir: /mnt/f21e7243-9f0b-4738-8872-2026a58e4905/FEDORA/c++/c++_study_v6/BasicGLFWImgui-09/glfw-3.2.1/build/CMakeFiles/CMakeTmp

Run Build Command:"/usr/bin/gmake" "cmTC_99bdf/fast"
/usr/bin/gmake -f CMakeFiles/cmTC_99bdf.dir/build.make CMakeFiles/cmTC_99bdf.dir/build
gmake[1]: Entering directory '/mnt/f21e7243-9f0b-4738-8872-2026a58e4905/FEDORA/c++/c++_study_v6/BasicGLFWImgui-09/glfw-3.2.1/build/CMakeFiles/CMakeTmp'
Building C object CMakeFiles/cmTC_99bdf.dir/feature_tests.c.o
/usr/bin/cc   -std=c90 -o CMakeFiles/cmTC_99bdf.dir/feature_tests.c.o   -c /mnt/f21e7243-9f0b-4738-8872-2026a58e4905/FEDORA/c++/c++_study_v6/BasicGLFWImgui-09/glfw-3.2.1/build/CMakeFiles/feature_tests.c
Linking C executable cmTC_99bdf
/usr/bin/cmake -E cmake_link_script CMakeFiles/cmTC_99bdf.dir/link.txt --verbose=1
/usr/bin/cc      -rdynamic CMakeFiles/cmTC_99bdf.dir/feature_tests.c.o  -o cmTC_99bdf 
gmake[1]: Leaving directory '/mnt/f21e7243-9f0b-4738-8872-2026a58e4905/FEDORA/c++/c++_study_v6/BasicGLFWImgui-09/glfw-3.2.1/build/CMakeFiles/CMakeTmp'


    Feature record: C_FEATURE:1c_function_prototypes
    Feature record: C_FEATURE:0c_restrict
    Feature record: C_FEATURE:0c_static_assert
    Feature record: C_FEATURE:0c_variadic_macros
Determining if the include file pthread.h exists passed with the following output:
Change Dir: /mnt/f21e7243-9f0b-4738-8872-2026a58e4905/FEDORA/c++/c++_study_v6/BasicGLFWImgui-09/glfw-3.2.1/build/CMakeFiles/CMakeTmp

Run Build Command:"/usr/bin/gmake" "cmTC_027c1/fast"
/usr/bin/gmake -f CMakeFiles/cmTC_027c1.dir/build.make CMakeFiles/cmTC_027c1.dir/build
gmake[1]: Entering directory '/mnt/f21e7243-9f0b-4738-8872-2026a58e4905/FEDORA/c++/c++_study_v6/BasicGLFWImgui-09/glfw-3.2.1/build/CMakeFiles/CMakeTmp'
Building C object CMakeFiles/cmTC_027c1.dir/CheckIncludeFile.c.o
/usr/bin/cc    -o CMakeFiles/cmTC_027c1.dir/CheckIncludeFile.c.o   -c /mnt/f21e7243-9f0b-4738-8872-2026a58e4905/FEDORA/c++/c++_study_v6/BasicGLFWImgui-09/glfw-3.2.1/build/CMakeFiles/CMakeTmp/CheckIncludeFile.c
Linking C executable cmTC_027c1
/usr/bin/cmake -E cmake_link_script CMakeFiles/cmTC_027c1.dir/link.txt --verbose=1
/usr/bin/cc      -rdynamic CMakeFiles/cmTC_027c1.dir/CheckIncludeFile.c.o  -o cmTC_027c1 
gmake[1]: Leaving directory '/mnt/f21e7243-9f0b-4738-8872-2026a58e4905/FEDORA/c++/c++_study_v6/BasicGLFWImgui-09/glfw-3.2.1/build/CMakeFiles/CMakeTmp'


Determining if the function pthread_create exists in the pthread passed with the following output:
Change Dir: /mnt/f21e7243-9f0b-4738-8872-2026a58e4905/FEDORA/c++/c++_study_v6/BasicGLFWImgui-09/glfw-3.2.1/build/CMakeFiles/CMakeTmp

Run Build Command:"/usr/bin/gmake" "cmTC_7c847/fast"
/usr/bin/gmake -f CMakeFiles/cmTC_7c847.dir/build.make CMakeFiles/cmTC_7c847.dir/build
gmake[1]: Entering directory '/mnt/f21e7243-9f0b-4738-8872-2026a58e4905/FEDORA/c++/c++_study_v6/BasicGLFWImgui-09/glfw-3.2.1/build/CMakeFiles/CMakeTmp'
Building C object CMakeFiles/cmTC_7c847.dir/CheckFunctionExists.c.o
/usr/bin/cc   -DCHECK_FUNCTION_EXISTS=pthread_create   -o CMakeFiles/cmTC_7c847.dir/CheckFunctionExists.c.o   -c /usr/share/cmake/Modules/CheckFunctionExists.c
Linking C executable cmTC_7c847
/usr/bin/cmake -E cmake_link_script CMakeFiles/cmTC_7c847.dir/link.txt --verbose=1
/usr/bin/cc  -DCHECK_FUNCTION_EXISTS=pthread_create    -rdynamic CMakeFiles/cmTC_7c847.dir/CheckFunctionExists.c.o  -o cmTC_7c847 -lpthread 
gmake[1]: Leaving directory '/mnt/f21e7243-9f0b-4738-8872-2026a58e4905/FEDORA/c++/c++_study_v6/BasicGLFWImgui-09/glfw-3.2.1/build/CMakeFiles/CMakeTmp'


